<?xml version="1.0" encoding="UTF-8"?>
<!-- Generated by org.testng.reporters.JUnitReportReporter -->
<testsuite skipped="0" hostname="IN-G6LRXM3" name="com.ny.Runner.TestRunner" tests="1" failures="0" timestamp="2024-10-17T18:41:04 IST" time="16.662" errors="0">
  <testcase name="runScenario" time="16.662" classname="com.ny.Runner.TestRunner"/>
  <system-out/>
</testsuite> <!-- com.ny.Runner.TestRunner -->
